2023-03-27 07:32:20,643 CRIT Supervisor is running as root.  Privileges were not dropped because no user is specified in the config file.  If you intend to run as root, you can set user=root in the config file to avoid this message.
2023-03-27 07:32:20,644 INFO supervisord started with pid 1
2023-03-27 07:32:21,646 INFO spawned: 'php-fpm' with pid 7
2023-03-27 07:32:21,646 INFO spawnerr: can't find command '/usr/sbin/nginx'
2023-03-27 07:32:22,671 INFO success: php-fpm entered RUNNING state, process has stayed up for > than 1 seconds (startsecs)
2023-03-27 07:32:22,672 INFO spawnerr: can't find command '/usr/sbin/nginx'
2023-03-27 07:32:24,675 INFO spawnerr: can't find command '/usr/sbin/nginx'
2023-03-27 07:32:28,665 INFO spawnerr: can't find command '/usr/sbin/nginx'
2023-03-27 07:32:28,666 INFO gave up: nginx entered FATAL state, too many start retries too quickly
2023-03-27 07:39:15,039 WARN received SIGQUIT indicating exit request
2023-03-27 07:39:15,041 INFO waiting for php-fpm to die
2023-03-27 07:39:16,051 INFO stopped: php-fpm (exit status 0)
2023-03-27 07:42:56,045 CRIT Supervisor is running as root.  Privileges were not dropped because no user is specified in the config file.  If you intend to run as root, you can set user=root in the config file to avoid this message.
2023-03-27 07:42:56,047 INFO supervisord started with pid 1
2023-03-27 07:42:57,049 INFO spawned: 'php-fpm' with pid 7
2023-03-27 07:42:57,049 INFO spawnerr: can't find command '/usr/sbin/nginx'
2023-03-27 07:42:58,073 INFO success: php-fpm entered RUNNING state, process has stayed up for > than 1 seconds (startsecs)
2023-03-27 07:42:58,074 INFO spawnerr: can't find command '/usr/sbin/nginx'
2023-03-27 07:43:00,076 INFO spawnerr: can't find command '/usr/sbin/nginx'
2023-03-27 07:43:03,080 INFO spawnerr: can't find command '/usr/sbin/nginx'
2023-03-27 07:43:03,080 INFO gave up: nginx entered FATAL state, too many start retries too quickly
2023-03-27 07:46:58,340 WARN received SIGQUIT indicating exit request
2023-03-27 07:46:58,341 INFO waiting for php-fpm to die
2023-03-27 07:46:59,352 INFO stopped: php-fpm (exit status 0)
2023-03-27 07:59:34,312 CRIT Supervisor is running as root.  Privileges were not dropped because no user is specified in the config file.  If you intend to run as root, you can set user=root in the config file to avoid this message.
2023-03-27 07:59:34,314 INFO supervisord started with pid 1
2023-03-27 07:59:35,317 INFO spawned: 'php-fpm' with pid 7
2023-03-27 07:59:35,318 INFO spawnerr: can't find command '/usr/sbin/nginx'
2023-03-27 07:59:36,359 INFO success: php-fpm entered RUNNING state, process has stayed up for > than 1 seconds (startsecs)
2023-03-27 07:59:36,360 INFO spawnerr: can't find command '/usr/sbin/nginx'
2023-03-27 07:59:38,362 INFO spawnerr: can't find command '/usr/sbin/nginx'
2023-03-27 07:59:41,365 INFO spawnerr: can't find command '/usr/sbin/nginx'
2023-03-27 07:59:41,365 INFO gave up: nginx entered FATAL state, too many start retries too quickly
